This file contains any messages produced by compilers while
running configure, to aid debugging if configure makes a mistake.

It was created by configure, which was
generated by GNU Autoconf 2.59.  Invocation command line was

  $ ./configure --prefix=/p/advda/elisp/doctool/mzscheme/

## --------- ##
## Platform. ##
## --------- ##

hostname = plxc17753
uname -m = x86_64
uname -r = 2.6.16.60-0.58.1.3239.0.PTF.638363-smp
uname -s = Linux
uname -v = #1 SMP Wed Dec 2 12:27:56 UTC 2009

/usr/bin/uname -p = unknown
/bin/uname -X     = unknown

/bin/arch              = x86_64
/usr/bin/arch -k       = unknown
/usr/convex/getsysinfo = unknown
hostinfo               = unknown
/bin/machine           = unknown
/usr/bin/oslevel       = unknown
/bin/universe          = unknown

PATH: /usr/intel/bin
PATH: /usr/bin
PATH: /bin
PATH: /usr/bin/X11
PATH: /usr/lib/mit/bin
PATH: /usr/lib/mit/sbin
PATH: /usr/lib/qt3/bin
PATH: /usr/sbin
PATH: /usr/X11R6/bin
PATH: /opt/gnome/bin
PATH: /opt/kde3/bin
PATH: /usr/local/bin
PATH: /p/advda/utils/bin
PATH: /nfs/pdx/home/ajaraber/bin/bin
PATH: /p/adx/x73a/cad_root/synchronicity/v6r2012/syncinc/bin/dssc
PATH: .


## ----------- ##
## Core tests. ##
## ----------- ##

configure:1904: checking for gcc
configure:1920: found /usr/intel/bin/gcc
configure:1930: result: gcc
configure:2174: checking for C compiler version
configure:2177: gcc --version </dev/null >&5
gcc (GCC) 4.2.2
Copyright (C) 2007 Free Software Foundation, Inc.
This is free software; see the source for copying conditions.  There is NO
warranty; not even for MERCHANTABILITY or FITNESS FOR A PARTICULAR PURPOSE.

configure:2180: $? = 0
configure:2182: gcc -v </dev/null >&5
Reading specs from /usr/intel/pkgs/gcc/4.2.2/lib/gcc/x86_64-unknown-linux-gnu/4.2.2/specs
Target: x86_64-unknown-linux-gnu
Configured with: ../gcc-4.2.2/configure --prefix=/usr/intel/pkgs/gcc/4.2.2 --disable-libgcj --enable-languages=c,c++,objc
Thread model: posix
gcc version 4.2.2
configure:2185: $? = 0
configure:2187: gcc -V </dev/null >&5
gcc: '-V' option must have argument
configure:2190: $? = 1
configure:2213: checking for C compiler default output file name
configure:2216: gcc    conftest.c  >&5
configure:2219: $? = 0
configure:2265: result: a.out
configure:2270: checking whether the C compiler works
configure:2276: ./a.out
configure:2279: $? = 0
configure:2296: result: yes
configure:2303: checking whether we are cross compiling
configure:2305: result: no
configure:2308: checking for suffix of executables
configure:2310: gcc -o conftest    conftest.c  >&5
configure:2313: $? = 0
configure:2338: result: 
configure:2344: checking for suffix of object files
configure:2365: gcc -c   conftest.c >&5
configure:2368: $? = 0
configure:2390: result: o
configure:2394: checking whether we are using the GNU C compiler
configure:2418: gcc -c   conftest.c >&5
configure:2424: $? = 0
configure:2428: test -z 
			 || test ! -s conftest.err
configure:2431: $? = 0
configure:2434: test -s conftest.o
configure:2437: $? = 0
configure:2450: result: yes
configure:2456: checking whether gcc accepts -g
configure:2477: gcc -c -g  conftest.c >&5
configure:2483: $? = 0
configure:2487: test -z 
			 || test ! -s conftest.err
configure:2490: $? = 0
configure:2493: test -s conftest.o
configure:2496: $? = 0
configure:2507: result: yes
configure:2524: checking for gcc option to accept ANSI C
configure:2594: gcc  -c -g -O2  conftest.c >&5
configure:2600: $? = 0
configure:2604: test -z 
			 || test ! -s conftest.err
configure:2607: $? = 0
configure:2610: test -s conftest.o
configure:2613: $? = 0
configure:2631: result: none needed
configure:2649: gcc -c -g -O2  conftest.c >&5
conftest.c:2: error: expected '=', ',', ';', 'asm' or '__attribute__' before 'me'
configure:2655: $? = 1
configure: failed program was:
| #ifndef __cplusplus
|   choke me
| #endif
configure:2793: checking how to run the C preprocessor
configure:2828: gcc -E  conftest.c
configure:2834: $? = 0
configure:2866: gcc -E  conftest.c
conftest.c:9:28: error: ac_nonexistent.h: No such file or directory
configure:2872: $? = 1
configure: failed program was:
| /* confdefs.h.  */
| 
| #define PACKAGE_NAME ""
| #define PACKAGE_TARNAME ""
| #define PACKAGE_VERSION ""
| #define PACKAGE_STRING ""
| #define PACKAGE_BUGREPORT ""
| /* end confdefs.h.  */
| #include <ac_nonexistent.h>
configure:2911: result: gcc -E
configure:2935: gcc -E  conftest.c
configure:2941: $? = 0
configure:2973: gcc -E  conftest.c
conftest.c:9:28: error: ac_nonexistent.h: No such file or directory
configure:2979: $? = 1
configure: failed program was:
| /* confdefs.h.  */
| 
| #define PACKAGE_NAME ""
| #define PACKAGE_TARNAME ""
| #define PACKAGE_VERSION ""
| #define PACKAGE_STRING ""
| #define PACKAGE_BUGREPORT ""
| /* end confdefs.h.  */
| #include <ac_nonexistent.h>
configure:3074: checking for g++
configure:3090: found /usr/intel/bin/g++
configure:3100: result: g++
configure:3116: checking for C++ compiler version
configure:3119: g++ --version </dev/null >&5
g++ (GCC) 4.2.2
Copyright (C) 2007 Free Software Foundation, Inc.
This is free software; see the source for copying conditions.  There is NO
warranty; not even for MERCHANTABILITY or FITNESS FOR A PARTICULAR PURPOSE.

configure:3122: $? = 0
configure:3124: g++ -v </dev/null >&5
Reading specs from /usr/intel/pkgs/gcc/4.2.2/lib/gcc/x86_64-unknown-linux-gnu/4.2.2/specs
Target: x86_64-unknown-linux-gnu
Configured with: ../gcc-4.2.2/configure --prefix=/usr/intel/pkgs/gcc/4.2.2 --disable-libgcj --enable-languages=c,c++,objc
Thread model: posix
gcc version 4.2.2
configure:3127: $? = 0
configure:3129: g++ -V </dev/null >&5
g++: '-V' option must have argument
configure:3132: $? = 1
configure:3135: checking whether we are using the GNU C++ compiler
configure:3159: g++ -c   conftest.cc >&5
configure:3165: $? = 0
configure:3169: test -z 
			 || test ! -s conftest.err
configure:3172: $? = 0
configure:3175: test -s conftest.o
configure:3178: $? = 0
configure:3191: result: yes
configure:3197: checking whether g++ accepts -g
configure:3218: g++ -c -g  conftest.cc >&5
configure:3224: $? = 0
configure:3228: test -z 
			 || test ! -s conftest.err
configure:3231: $? = 0
configure:3234: test -s conftest.o
configure:3237: $? = 0
configure:3248: result: yes
configure:3290: g++ -c -g -O2  conftest.cc >&5
configure:3296: $? = 0
configure:3300: test -z 
			 || test ! -s conftest.err
configure:3303: $? = 0
configure:3306: test -s conftest.o
configure:3309: $? = 0
configure:3335: g++ -c -g -O2  conftest.cc >&5
conftest.cc: In function 'int main()':
conftest.cc:13: error: 'exit' was not declared in this scope
configure:3341: $? = 1
configure: failed program was:
| /* confdefs.h.  */
| 
| #define PACKAGE_NAME ""
| #define PACKAGE_TARNAME ""
| #define PACKAGE_VERSION ""
| #define PACKAGE_STRING ""
| #define PACKAGE_BUGREPORT ""
| /* end confdefs.h.  */
| 
| int
| main ()
| {
| exit (42);
|   ;
|   return 0;
| }
configure:3290: g++ -c -g -O2  conftest.cc >&5
conftest.cc:9: error: 'void std::exit(int)' should have been declared inside 'std'
configure:3296: $? = 1
configure: failed program was:
| /* confdefs.h.  */
| 
| #define PACKAGE_NAME ""
| #define PACKAGE_TARNAME ""
| #define PACKAGE_VERSION ""
| #define PACKAGE_STRING ""
| #define PACKAGE_BUGREPORT ""
| /* end confdefs.h.  */
| extern "C" void std::exit (int) throw (); using std::exit;
| #include <stdlib.h>
| int
| main ()
| {
| exit (42);
|   ;
|   return 0;
| }
configure:3290: g++ -c -g -O2  conftest.cc >&5
conftest.cc:9: error: 'void std::exit(int)' should have been declared inside 'std'
In file included from conftest.cc:10:
/usr/include/stdlib.h:646: error: declaration of 'void std::exit(int) throw ()' throws different exceptions
conftest.cc:9: error: from previous declaration 'void std::exit(int)'
configure:3296: $? = 1
configure: failed program was:
| /* confdefs.h.  */
| 
| #define PACKAGE_NAME ""
| #define PACKAGE_TARNAME ""
| #define PACKAGE_VERSION ""
| #define PACKAGE_STRING ""
| #define PACKAGE_BUGREPORT ""
| /* end confdefs.h.  */
| extern "C" void std::exit (int); using std::exit;
| #include <stdlib.h>
| int
| main ()
| {
| exit (42);
|   ;
|   return 0;
| }
configure:3290: g++ -c -g -O2  conftest.cc >&5
configure:3296: $? = 0
configure:3300: test -z 
			 || test ! -s conftest.err
configure:3303: $? = 0
configure:3306: test -s conftest.o
configure:3309: $? = 0
configure:3335: g++ -c -g -O2  conftest.cc >&5
configure:3341: $? = 0
configure:3345: test -z 
			 || test ! -s conftest.err
configure:3348: $? = 0
configure:3351: test -s conftest.o
configure:3354: $? = 0
configure:3382: checking how to run the C++ preprocessor
configure:3413: g++ -E  conftest.cc
configure:3419: $? = 0
configure:3451: g++ -E  conftest.cc
conftest.cc:12:28: error: ac_nonexistent.h: No such file or directory
configure:3457: $? = 1
configure: failed program was:
| /* confdefs.h.  */
| 
| #define PACKAGE_NAME ""
| #define PACKAGE_TARNAME ""
| #define PACKAGE_VERSION ""
| #define PACKAGE_STRING ""
| #define PACKAGE_BUGREPORT ""
| #ifdef __cplusplus
| extern "C" void exit (int) throw ();
| #endif
| /* end confdefs.h.  */
| #include <ac_nonexistent.h>
configure:3496: result: g++ -E
configure:3520: g++ -E  conftest.cc
configure:3526: $? = 0
configure:3558: g++ -E  conftest.cc
conftest.cc:12:28: error: ac_nonexistent.h: No such file or directory
configure:3564: $? = 1
configure: failed program was:
| /* confdefs.h.  */
| 
| #define PACKAGE_NAME ""
| #define PACKAGE_TARNAME ""
| #define PACKAGE_VERSION ""
| #define PACKAGE_STRING ""
| #define PACKAGE_BUGREPORT ""
| #ifdef __cplusplus
| extern "C" void exit (int) throw ();
| #endif
| /* end confdefs.h.  */
| #include <ac_nonexistent.h>
configure:3655: checking for ranlib
configure:3671: found /usr/bin/ranlib
configure:3682: result: ranlib
configure:5168: checking for cos in -lm
configure:5198: gcc -o conftest -g -O2   conftest.c -lm   >&5
conftest.c:19: warning: conflicting types for built-in function 'cos'
configure:5204: $? = 0
configure:5208: test -z 
			 || test ! -s conftest.err
configure:5211: $? = 0
configure:5214: test -s conftest
configure:5217: $? = 0
configure:5230: result: yes
configure:5242: checking for dlopen in -ldl
configure:5272: gcc -o conftest -g -O2   conftest.c -ldl  -lm  >&5
configure:5278: $? = 0
configure:5282: test -z 
			 || test ! -s conftest.err
configure:5285: $? = 0
configure:5288: test -s conftest
configure:5291: $? = 0
configure:5304: result: yes
configure:5565: checking for inline keyword
configure:5582: gcc -o conftest -g -O2   conftest.c -ldl -lm  -rdynamic >&5
configure:5585: $? = 0
configure:5587: ./conftest
configure:5590: $? = 0
configure:5606: result: yes
configure:5609: checking for nl_langinfo (CODESET)
configure:5627: gcc -o conftest -g -O2   conftest.c -ldl -lm  -rdynamic >&5
configure:5633: $? = 0
configure:5637: test -z 
			 || test ! -s conftest.err
configure:5640: $? = 0
configure:5643: test -s conftest
configure:5646: $? = 0
configure:5662: result: yes
configure:5665: checking for getaddrinfo
configure:5685: gcc -o conftest -g -O2   conftest.c -ldl -lm  -rdynamic >&5
configure:5691: $? = 0
configure:5695: test -z 
			 || test ! -s conftest.err
configure:5698: $? = 0
configure:5701: test -s conftest
configure:5704: $? = 0
configure:5720: result: yes
configure:5725: checking for egrep
configure:5735: result: grep -E
configure:5740: checking for ANSI C header files
configure:5765: gcc -c -g -O2  conftest.c >&5
configure:5771: $? = 0
configure:5775: test -z 
			 || test ! -s conftest.err
configure:5778: $? = 0
configure:5781: test -s conftest.o
configure:5784: $? = 0
configure:5873: gcc -o conftest -g -O2   conftest.c -ldl -lm  -rdynamic >&5
conftest.c: In function 'main':
conftest.c:33: warning: incompatible implicit declaration of built-in function 'exit'
configure:5876: $? = 0
configure:5878: ./conftest
configure:5881: $? = 0
configure:5896: result: yes
configure:5920: checking for sys/types.h
configure:5936: gcc -c -g -O2  conftest.c >&5
configure:5942: $? = 0
configure:5946: test -z 
			 || test ! -s conftest.err
configure:5949: $? = 0
configure:5952: test -s conftest.o
configure:5955: $? = 0
configure:5966: result: yes
configure:5920: checking for sys/stat.h
configure:5936: gcc -c -g -O2  conftest.c >&5
configure:5942: $? = 0
configure:5946: test -z 
			 || test ! -s conftest.err
configure:5949: $? = 0
configure:5952: test -s conftest.o
configure:5955: $? = 0
configure:5966: result: yes
configure:5920: checking for stdlib.h
configure:5936: gcc -c -g -O2  conftest.c >&5
configure:5942: $? = 0
configure:5946: test -z 
			 || test ! -s conftest.err
configure:5949: $? = 0
configure:5952: test -s conftest.o
configure:5955: $? = 0
configure:5966: result: yes
configure:5920: checking for string.h
configure:5936: gcc -c -g -O2  conftest.c >&5
configure:5942: $? = 0
configure:5946: test -z 
			 || test ! -s conftest.err
configure:5949: $? = 0
configure:5952: test -s conftest.o
configure:5955: $? = 0
configure:5966: result: yes
configure:5920: checking for memory.h
configure:5936: gcc -c -g -O2  conftest.c >&5
configure:5942: $? = 0
configure:5946: test -z 
			 || test ! -s conftest.err
configure:5949: $? = 0
configure:5952: test -s conftest.o
configure:5955: $? = 0
configure:5966: result: yes
configure:5920: checking for strings.h
configure:5936: gcc -c -g -O2  conftest.c >&5
configure:5942: $? = 0
configure:5946: test -z 
			 || test ! -s conftest.err
configure:5949: $? = 0
configure:5952: test -s conftest.o
configure:5955: $? = 0
configure:5966: result: yes
configure:5920: checking for inttypes.h
configure:5936: gcc -c -g -O2  conftest.c >&5
configure:5942: $? = 0
configure:5946: test -z 
			 || test ! -s conftest.err
configure:5949: $? = 0
configure:5952: test -s conftest.o
configure:5955: $? = 0
configure:5966: result: yes
configure:5920: checking for stdint.h
configure:5936: gcc -c -g -O2  conftest.c >&5
configure:5942: $? = 0
configure:5946: test -z 
			 || test ! -s conftest.err
configure:5949: $? = 0
configure:5952: test -s conftest.o
configure:5955: $? = 0
configure:5966: result: yes
configure:5920: checking for unistd.h
configure:5936: gcc -c -g -O2  conftest.c >&5
configure:5942: $? = 0
configure:5946: test -z 
			 || test ! -s conftest.err
configure:5949: $? = 0
configure:5952: test -s conftest.o
configure:5955: $? = 0
configure:5966: result: yes
configure:5988: checking iconv.h usability
configure:6000: gcc -c -g -O2  conftest.c >&5
configure:6006: $? = 0
configure:6010: test -z 
			 || test ! -s conftest.err
configure:6013: $? = 0
configure:6016: test -s conftest.o
configure:6019: $? = 0
configure:6029: result: yes
configure:6033: checking iconv.h presence
configure:6043: gcc -E  conftest.c
configure:6049: $? = 0
configure:6069: result: yes
configure:6104: checking for iconv.h
configure:6111: result: yes
configure:6141: gcc -o conftest -g -O2   conftest.c -ldl -lm  -rdynamic >&5
configure:6144: $? = 0
configure:6146: ./conftest
configure:6149: $? = 0
configure:6214: checking iconv is usable
configure:6217: result: yes
configure:6224: checking for mbsrtowcs
configure:6244: gcc -o conftest -g -O2   conftest.c -ldl -lm  -rdynamic >&5
conftest.c: In function 'main':
conftest.c:30: warning: passing argument 2 of 'mbsrtowcs' from incompatible pointer type
configure:6247: $? = 0
configure:6249: ./conftest
configure:6252: $? = 0
configure:6268: result: yes
configure:6291: checking for char
configure:6315: gcc -c -g -O2  conftest.c >&5
configure:6321: $? = 0
configure:6325: test -z 
			 || test ! -s conftest.err
configure:6328: $? = 0
configure:6331: test -s conftest.o
configure:6334: $? = 0
configure:6345: result: yes
configure:6348: checking size of char
configure:6667: gcc -o conftest -g -O2   conftest.c -ldl -lm  -rdynamic >&5
configure:6670: $? = 0
configure:6672: ./conftest
configure:6675: $? = 0
configure:6698: result: 1
configure:6705: checking for short
configure:6729: gcc -c -g -O2  conftest.c >&5
configure:6735: $? = 0
configure:6739: test -z 
			 || test ! -s conftest.err
configure:6742: $? = 0
configure:6745: test -s conftest.o
configure:6748: $? = 0
configure:6759: result: yes
configure:6762: checking size of short
configure:7081: gcc -o conftest -g -O2   conftest.c -ldl -lm  -rdynamic >&5
configure:7084: $? = 0
configure:7086: ./conftest
configure:7089: $? = 0
configure:7112: result: 2
configure:7119: checking for int
configure:7143: gcc -c -g -O2  conftest.c >&5
configure:7149: $? = 0
configure:7153: test -z 
			 || test ! -s conftest.err
configure:7156: $? = 0
configure:7159: test -s conftest.o
configure:7162: $? = 0
configure:7173: result: yes
configure:7176: checking size of int
configure:7495: gcc -o conftest -g -O2   conftest.c -ldl -lm  -rdynamic >&5
configure:7498: $? = 0
configure:7500: ./conftest
configure:7503: $? = 0
configure:7526: result: 4
configure:7533: checking for long
configure:7557: gcc -c -g -O2  conftest.c >&5
configure:7563: $? = 0
configure:7567: test -z 
			 || test ! -s conftest.err
configure:7570: $? = 0
configure:7573: test -s conftest.o
configure:7576: $? = 0
configure:7587: result: yes
configure:7590: checking size of long
configure:7909: gcc -o conftest -g -O2   conftest.c -ldl -lm  -rdynamic >&5
configure:7912: $? = 0
configure:7914: ./conftest
configure:7917: $? = 0
configure:7940: result: 8
configure:7947: checking for long long
configure:7971: gcc -c -g -O2  conftest.c >&5
configure:7977: $? = 0
configure:7981: test -z 
			 || test ! -s conftest.err
configure:7984: $? = 0
configure:7987: test -s conftest.o
configure:7990: $? = 0
configure:8001: result: yes
configure:8004: checking size of long long
configure:8323: gcc -o conftest -g -O2   conftest.c -ldl -lm  -rdynamic >&5
configure:8326: $? = 0
configure:8328: ./conftest
configure:8331: $? = 0
configure:8354: result: 8
configure:8363: checking for stack direction
configure:8387: gcc -o conftest -g -O2   conftest.c -ldl -lm  -rdynamic >&5
configure:8390: $? = 0
configure:8392: ./conftest
configure:8395: $? = 1
configure: program exited with status 1
configure: failed program was:
| /* confdefs.h.  */
| 
| #define PACKAGE_NAME ""
| #define PACKAGE_TARNAME ""
| #define PACKAGE_VERSION ""
| #define PACKAGE_STRING ""
| #define PACKAGE_BUGREPORT ""
| #ifdef __cplusplus
| extern "C" void exit (int) throw ();
| #endif
| #define HAVE_LIBM 1
| #define HAVE_LIBDL 1
| #define HAVE_CODESET 1
| #define HAVE_GETADDRINFO 1
| #define STDC_HEADERS 1
| #define HAVE_SYS_TYPES_H 1
| #define HAVE_SYS_STAT_H 1
| #define HAVE_STDLIB_H 1
| #define HAVE_STRING_H 1
| #define HAVE_MEMORY_H 1
| #define HAVE_STRINGS_H 1
| #define HAVE_INTTYPES_H 1
| #define HAVE_STDINT_H 1
| #define HAVE_UNISTD_H 1
| #define SIZEOF_CHAR 1
| #define SIZEOF_SHORT 2
| #define SIZEOF_INT 4
| #define SIZEOF_LONG 8
| #define SIZEOF_LONG_LONG 8
| /* end confdefs.h.  */
| int grows_down_p(int n, void *cmp) {
|      if (!cmp)
|        return grows_down_p(10, &cmp);
|      else if (!n)
|        return ((unsigned long)&cmp < (unsigned long)cmp);
|      else
|        return grows_down_p(n - 1, cmp);
|    }
|    int main() {
|       return grows_down_p(0, 0);
|    }
configure:8408: result: down
configure:8434: checking whether byte ordering is bigendian
configure:8461: gcc -c -g -O2  conftest.c >&5
configure:8467: $? = 0
configure:8471: test -z 
			 || test ! -s conftest.err
configure:8474: $? = 0
configure:8477: test -s conftest.o
configure:8480: $? = 0
configure:8504: gcc -c -g -O2  conftest.c >&5
conftest.c: In function 'main':
conftest.c:39: error: 'not' undeclared (first use in this function)
conftest.c:39: error: (Each undeclared identifier is reported only once
conftest.c:39: error: for each function it appears in.)
conftest.c:39: error: expected ';' before 'big'
configure:8510: $? = 1
configure: failed program was:
| /* confdefs.h.  */
| 
| #define PACKAGE_NAME ""
| #define PACKAGE_TARNAME ""
| #define PACKAGE_VERSION ""
| #define PACKAGE_STRING ""
| #define PACKAGE_BUGREPORT ""
| #ifdef __cplusplus
| extern "C" void exit (int) throw ();
| #endif
| #define HAVE_LIBM 1
| #define HAVE_LIBDL 1
| #define HAVE_CODESET 1
| #define HAVE_GETADDRINFO 1
| #define STDC_HEADERS 1
| #define HAVE_SYS_TYPES_H 1
| #define HAVE_SYS_STAT_H 1
| #define HAVE_STDLIB_H 1
| #define HAVE_STRING_H 1
| #define HAVE_MEMORY_H 1
| #define HAVE_STRINGS_H 1
| #define HAVE_INTTYPES_H 1
| #define HAVE_STDINT_H 1
| #define HAVE_UNISTD_H 1
| #define SIZEOF_CHAR 1
| #define SIZEOF_SHORT 2
| #define SIZEOF_INT 4
| #define SIZEOF_LONG 8
| #define SIZEOF_LONG_LONG 8
| #define STACK_DIRECTION -1
| /* end confdefs.h.  */
| #include <sys/types.h>
| #include <sys/param.h>
| 
| int
| main ()
| {
| #if BYTE_ORDER != BIG_ENDIAN
|  not big endian
| #endif
| 
|   ;
|   return 0;
| }
configure:8645: result: no
configure:11597: creating ./config.status

## ---------------------- ##
## Running config.status. ##
## ---------------------- ##

This file was extended by config.status, which was
generated by GNU Autoconf 2.59.  Invocation command line was

  CONFIG_FILES    = 
  CONFIG_HEADERS  = 
  CONFIG_LINKS    = 
  CONFIG_COMMANDS = 
  $ ./config.status 

on plxc17753

config.status:733: creating Makefile
config.status:733: creating mzscheme/Makefile
config.status:733: creating mzscheme/src/Makefile
config.status:733: creating mzscheme/dynsrc/Makefile
config.status:733: creating mzscheme/gc/Makefile
config.status:733: creating mzscheme/sgc/Makefile
config.status:733: creating mzscheme/gc2/Makefile
config.status:733: creating foreign/Makefile
config.status:836: creating mzscheme/mzconfig.h
config.status:958: mzscheme/mzconfig.h is unchanged
configure:12743: configuring in foreign/gcc/libffi
configure:12860: running /bin/sh './configure' --prefix=/p/advda/elisp/doctool/mzscheme/  '--prefix=/p/advda/elisp/doctool/mzscheme/' --disable-multilib --cache-file=/dev/null --srcdir=.

## ---------------- ##
## Cache variables. ##
## ---------------- ##

ac_cv_c_bigendian=no
ac_cv_c_compiler_gnu=yes
ac_cv_cxx_compiler_gnu=yes
ac_cv_env_CC_set=
ac_cv_env_CC_value=
ac_cv_env_CFLAGS_set=
ac_cv_env_CFLAGS_value=
ac_cv_env_CPPFLAGS_set=
ac_cv_env_CPPFLAGS_value=
ac_cv_env_CPP_set=
ac_cv_env_CPP_value=
ac_cv_env_CXXCPP_set=
ac_cv_env_CXXCPP_value=
ac_cv_env_CXXFLAGS_set=
ac_cv_env_CXXFLAGS_value=
ac_cv_env_CXX_set=
ac_cv_env_CXX_value=
ac_cv_env_LDFLAGS_set=
ac_cv_env_LDFLAGS_value=
ac_cv_env_build_alias_set=
ac_cv_env_build_alias_value=
ac_cv_env_host_alias_set=
ac_cv_env_host_alias_value=
ac_cv_env_target_alias_set=
ac_cv_env_target_alias_value=
ac_cv_exeext=
ac_cv_header_iconv_h=yes
ac_cv_header_inttypes_h=yes
ac_cv_header_memory_h=yes
ac_cv_header_stdc=yes
ac_cv_header_stdint_h=yes
ac_cv_header_stdlib_h=yes
ac_cv_header_string_h=yes
ac_cv_header_strings_h=yes
ac_cv_header_sys_stat_h=yes
ac_cv_header_sys_types_h=yes
ac_cv_header_unistd_h=yes
ac_cv_lib_dl_dlopen=yes
ac_cv_lib_m_cos=yes
ac_cv_objext=o
ac_cv_prog_CPP='gcc -E'
ac_cv_prog_CXXCPP='g++ -E'
ac_cv_prog_ac_ct_CC=gcc
ac_cv_prog_ac_ct_CXX=g++
ac_cv_prog_ac_ct_RANLIB=ranlib
ac_cv_prog_cc_g=yes
ac_cv_prog_cc_stdc=
ac_cv_prog_cxx_g=yes
ac_cv_prog_egrep='grep -E'
ac_cv_sizeof_char=1
ac_cv_sizeof_int=4
ac_cv_sizeof_long=8
ac_cv_sizeof_long_long=8
ac_cv_sizeof_short=2
ac_cv_type_char=yes
ac_cv_type_int=yes
ac_cv_type_long=yes
ac_cv_type_long_long=yes
ac_cv_type_short=yes

## ----------------- ##
## Output variables. ##
## ----------------- ##

AR='ar'
ARFLAGS='ruv'
AS='as'
CC='gcc'
CC_FOR_BUILD='gcc'
CFLAGS='-g -O2'
CGC='cgc'
CGCOPTIONS=''
CGC_CAP_INSTALLED='CGC'
CGC_INSTALLED='cgc'
COLLECTS_PATH='${collectsdir}'
COMPFLAGS=' -Wall'
CPP='gcc -E'
CPPFLAGS=''
CXX='g++'
CXXCPP='g++ -E'
CXXFLAGS='-g -O2'
DEFS='-DHAVE_CONFIG_H'
DYN_CFLAGS='-fPIC'
ECHO_C=''
ECHO_N='-n'
ECHO_T=''
EGREP='grep -E'
EXEEXT=''
EXE_SUFFIX=''
EXTRA_GMP_OBJ=''
EXTRA_OSK_LIBS=''
FOREIGNTARGET='foreign-stuff'
FOREIGN_CONVENIENCE=''
FOREIGN_LIB_IF_USED='$(FOREIGN_OBJ) $(FOREIGN_LIB)'
FOREIGN_OBJSLIB='$(FOREIGN_OBJS)'
FOREIGN_OBJSLIB_IF_USED='$(FOREIGN_OBJSLIB)'
FRAMEWORK_INSTALL_DIR=''
FRAMEWORK_PREFIX=''
FRAMEWORK_REL_INSTALL=''
GC2OPTIONS=' -DNEWGC_BTC_ACCOUNT'
GCDIR='gc'
ICP='cp'
INCLUDEDEP='-include'
INSTALL_ORIG_TREE='no'
JPEG_A='$(JPEG_A)'
JPEG_INC='$(JPEG_INC)'
LDFLAGS=''
LIBFINISH='echo'
LIBMRED_DEP=''
LIBMZSCHEME_DEP=''
LIBOBJS=''
LIBS='-ldl -lm  -rdynamic '
LIBSFX='a'
LLVMTARGET='llvm-nothing'
LTA='a'
LTLIBOBJS=''
LTO='o'
MAIN_VARIANT='3m'
MAKE_COPYTREE='copytree'
MAKE_FINISH=''
MAKE_MRED='no'
MAKE_WBUILD=''
MMM='3m'
MMM_CAP_INSTALLED=''
MMM_INSTALLED=''
MREDLINKER='g++'
MRLIBINSTALL='install-no-lib'
MROPTIONS=''
MZBINTARGET='normal-bin'
MZINSTALLTARGET='unix-install'
MZLINKER='gcc'
MZOPTIONS=''
NOT_OSX=''
OBJEXT='o'
OPTIONS=''
OSKHOME=''
OSX='.osx'
PACKAGE_BUGREPORT=''
PACKAGE_NAME=''
PACKAGE_STRING=''
PACKAGE_TARNAME=''
PACKAGE_VERSION=''
PATH_SEPARATOR=':'
PERL=''
PLAIN_CC='gcc'
PNG_A='$(PNG_A)'
PREFLAGS=''
PROFFLAGS=''
RANLIB='ranlib'
REZ='/Developer/Tools/Rez'
SED=''
SHELL='/bin/sh'
STATIC_AR='ar'
USE_WXPRECOMP=''
WBUILD='sh $(PLTSRCDIR)/wxxt/src/XWidgets/dummy.wbuild'
WXLIBS='WXLIBSNORM'
WXPRECOMP=''
WXVARIANT='wx_xt'
WX_MMD_FLAG='-MMD'
X_CFLAGS=''
X_EXTRA_LIBS=''
X_LIBS=''
X_PRE_LIBS=''
ZLIB_A='$(ZLIB_A)'
ZLIB_INC='$(ZLIB_INC)'
ac_ct_CC='gcc'
ac_ct_CXX='g++'
ac_ct_RANLIB='ranlib'
bindir='${exec_prefix}/bin'
build_alias=''
collectsdir='${exec_prefix}/lib/plt/collects'
datadir='${prefix}/share'
docdir='${prefix}/share/plt/doc'
exec_prefix='${prefix}'
host_alias=''
includedir='${prefix}/include'
includepltdir='${prefix}/include/plt'
infodir='${prefix}/info'
libdir='${exec_prefix}/lib'
libexecdir='${exec_prefix}/libexec'
libpltdir='${exec_prefix}/lib/plt'
localstatedir='${prefix}/var'
mandir='${prefix}/man'
oldincludedir='/usr/include'
prefix='/p/advda/elisp/doctool/mzscheme/'
program_transform_name='s,x,x,'
sbindir='${exec_prefix}/sbin'
sharedstatedir='${prefix}/com'
subdirs=' foreign/gcc/libffi '
sysconfdir='${prefix}/etc'
target_alias=''
x_includes='NONE'
x_libraries='NONE'

## ----------- ##
## confdefs.h. ##
## ----------- ##

#define HAVE_CODESET 1
#define HAVE_GETADDRINFO 1
#define HAVE_INTTYPES_H 1
#define HAVE_LIBDL 1
#define HAVE_LIBM 1
#define HAVE_MEMORY_H 1
#define HAVE_STDINT_H 1
#define HAVE_STDLIB_H 1
#define HAVE_STRINGS_H 1
#define HAVE_STRING_H 1
#define HAVE_SYS_STAT_H 1
#define HAVE_SYS_TYPES_H 1
#define HAVE_UNISTD_H 1
#define PACKAGE_BUGREPORT ""
#define PACKAGE_NAME ""
#define PACKAGE_STRING ""
#define PACKAGE_TARNAME ""
#define PACKAGE_VERSION ""
#define SIZEOF_CHAR 1
#define SIZEOF_INT 4
#define SIZEOF_LONG 8
#define SIZEOF_LONG_LONG 8
#define SIZEOF_SHORT 2
#define STACK_DIRECTION -1
#define STDC_HEADERS 1
#endif
#ifdef __cplusplus
extern "C" void exit (int) throw ();

configure: exit 0
